/bin/sh: 1: root: not found
[2026-06-13 13:04:01] Starting database backup...
[2026-06-13 13:04:01] ERROR: POSTGRES_PASSWORD environment variable not set
/bin/sh: 1: root: not found
[2026-06-13 13:05:01] Starting database backup...
[2026-06-13 13:05:01] ERROR: POSTGRES_PASSWORD environment variable not set
/bin/sh: 1: root: not found
[2026-06-13 13:06:01] Starting database backup...
[2026-06-13 13:06:01] ERROR: POSTGRES_PASSWORD environment variable not set
/bin/sh: 1: root: not found
[2026-06-13 13:07:01] Starting database backup...
[2026-06-13 13:07:01] ERROR: POSTGRES_PASSWORD environment variable not set
/bin/sh: 1: root: not found
[2026-06-13 13:08:01] Starting database backup...
[2026-06-13 13:08:01] ERROR: POSTGRES_PASSWORD environment variable not set
[2026-06-13 13:09:01] Starting database backup...
[2026-06-13 13:09:01] Starting database backup...
[2026-06-13 13:09:01] ERROR: POSTGRES_PASSWORD environment variable not set
[2026-06-13 13:09:01] ERROR: POSTGRES_PASSWORD environment variable not set
[2026-06-13 13:10:01] Starting database backup...
[2026-06-13 13:10:01] Starting database backup...
[2026-06-13 13:10:01] ERROR: POSTGRES_PASSWORD environment variable not set
[2026-06-13 13:10:01] ERROR: POSTGRES_PASSWORD environment variable not set
[2026-06-13 13:11:01] Starting database backup...
[2026-06-13 13:11:01] Starting database backup...
[2026-06-13 13:11:01] ERROR: POSTGRES_PASSWORD environment variable not set
[2026-06-13 13:11:01] ERROR: POSTGRES_PASSWORD environment variable not set
[2026-06-13 13:12:01] Starting database backup...
[2026-06-13 13:12:01] Starting database backup...
[2026-06-13 13:12:01] ERROR: POSTGRES_PASSWORD environment variable not set
[2026-06-13 13:12:01] ERROR: POSTGRES_PASSWORD environment variable not set
[2026-06-13 13:13:01] Starting database backup...
[2026-06-13 13:13:01] ERROR: POSTGRES_PASSWORD environment variable not set
[2026-06-13 13:14:01] Starting database backup...
[2026-06-13 13:14:01] ERROR: POSTGRES_PASSWORD environment variable not set
[2026-06-13 13:15:01] Starting database backup...
[2026-06-13 13:15:01] ERROR: POSTGRES_PASSWORD environment variable not set
[2026-06-13 13:16:01] Starting database backup...
[2026-06-13 13:16:01] ERROR: POSTGRES_PASSWORD environment variable not set
[2026-06-13 13:17:01] Starting database backup...
[2026-06-13 13:17:01] ERROR: POSTGRES_PASSWORD environment variable not set
[2026-06-13 13:18:01] Starting database backup...
[2026-06-13 13:18:01] ERROR: POSTGRES_PASSWORD environment variable not set
[2026-06-13 13:20:01] Starting database backup...
[2026-06-13 13:20:01] ERROR: POSTGRES_PASSWORD environment variable not set
[2026-06-13 13:21:01] Starting database backup...
[2026-06-13 13:21:01] ERROR: POSTGRES_PASSWORD environment variable not set
[2026-06-13 13:22:01] Starting database backup...
[2026-06-13 13:22:01] Backing up database: skay
[2026-06-13 13:22:01] Backup completed: skay_20260613_132201.dump
[2026-06-13 13:22:01] Size: 16K
[2026-06-13 13:22:01] Backups retained: 3
[2026-06-13 13:22:01] Backup completed
[2026-06-13 13:23:01] Starting database backup...
[2026-06-13 13:23:01] Backing up database: skay
[2026-06-13 13:23:01] Backup completed: skay_20260613_132301.dump
[2026-06-13 13:23:01] Size: 16K
[2026-06-13 13:23:01] Backups retained: 4
[2026-06-13 13:23:01] Backup completed
